<?xml version="1.0" encoding="UTF-8"?>
<testsuite xmlns:xsi="http://www.w3.org/2001/XMLSchema-instance" xsi:noNamespaceSchemaLocation="https://maven.apache.org/surefire/maven-surefire-plugin/xsd/surefire-test-report-3.0.xsd" version="3.0" name="org.financial.resources.FinancialResourceTest" time="14.445" tests="3" errors="0" skipped="0" failures="0">
  <properties>
    <property name="java.specification.version" value="21"/>
    <property name="test.url" value="http://localhost:8081"/>
    <property name="sun.jnu.encoding" value="UTF-8"/>
    <property name="io.quarkus.security.http.test-if-basic-auth-implicitly-required" value="true"/>
    <property name="java.class.path" value="/home/juan/Escritorio/CURSOS/Quarkus/quarkus-reactive-graphql/target/test-classes:/home/juan/Escritorio/CURSOS/Quarkus/quarkus-reactive-graphql/target/classes:/home/juan/.m2/repository/io/quarkus/quarkus-hibernate-reactive-panache/3.10.0/quarkus-hibernate-reactive-panache-3.10.0.jar:/home/juan/.m2/repository/io/quarkus/quarkus-core/3.10.0/quarkus-core-3.10.0.jar:/home/juan/.m2/repository/jakarta/annotation/jakarta.annotation-api/2.1.1/jakarta.annotation-api-2.1.1.jar:/home/juan/.m2/repository/jakarta/enterprise/jakarta.enterprise.cdi-api/4.0.1/jakarta.enterprise.cdi-api-4.0.1.jar:/home/juan/.m2/repository/jakarta/enterprise/jakarta.enterprise.lang-model/4.0.1/jakarta.enterprise.lang-model-4.0.1.jar:/home/juan/.m2/repository/jakarta/inject/jakarta.inject-api/2.0.1/jakarta.inject-api-2.0.1.jar:/home/juan/.m2/repository/io/smallrye/common/smallrye-common-os/2.3.0/smallrye-common-os-2.3.0.jar:/home/juan/.m2/repository/io/quarkus/quarkus-ide-launcher/3.10.0/quarkus-ide-launcher-3.10.0.jar:/home/juan/.m2/repository/io/quarkus/quarkus-development-mode-spi/3.10.0/quarkus-development-mode-spi-3.10.0.jar:/home/juan/.m2/repository/io/smallrye/config/smallrye-config/3.7.1/smallrye-config-3.7.1.jar:/home/juan/.m2/repository/io/smallrye/config/smallrye-config-core/3.7.1/smallrye-config-core-3.7.1.jar:/home/juan/.m2/repository/io/smallrye/common/smallrye-common-classloader/2.3.0/smallrye-common-classloader-2.3.0.jar:/home/juan/.m2/repository/io/smallrye/config/smallrye-config-common/3.7.1/smallrye-config-common-3.7.1.jar:/home/juan/.m2/repository/org/jboss/logging/jboss-logging/3.5.3.Final/jboss-logging-3.5.3.Final.jar:/home/juan/.m2/repository/org/jboss/logmanager/jboss-logmanager/3.0.4.Final/jboss-logmanager-3.0.4.Final.jar:/home/juan/.m2/repository/io/smallrye/common/smallrye-common-cpu/2.3.0/smallrye-common-cpu-2.3.0.jar:/home/juan/.m2/repository/io/smallrye/common/smallrye-common-expression/2.3.0/smallrye-common-expression-2.3.0.jar:/home/juan/.m2/repository/io/smallrye/common/smallrye-common-function/2.3.0/smallrye-common-function-2.3.0.jar:/home/juan/.m2/repository/io/smallrye/common/smallrye-common-net/2.3.0/smallrye-common-net-2.3.0.jar:/home/juan/.m2/repository/io/smallrye/common/smallrye-common-ref/2.3.0/smallrye-common-ref-2.3.0.jar:/home/juan/.m2/repository/org/eclipse/parsson/parsson/1.1.5/parsson-1.1.5.jar:/home/juan/.m2/repository/org/jboss/logging/jboss-logging-annotations/2.2.1.Final/jboss-logging-annotations-2.2.1.Final.jar:/home/juan/.m2/repository/org/jboss/threads/jboss-threads/3.6.1.Final/jboss-threads-3.6.1.Final.jar:/home/juan/.m2/repository/org/slf4j/slf4j-api/2.0.6/slf4j-api-2.0.6.jar:/home/juan/.m2/repository/org/jboss/slf4j/slf4j-jboss-logmanager/2.0.0.Final/slf4j-jboss-logmanager-2.0.0.Final.jar:/home/juan/.m2/repository/org/wildfly/common/wildfly-common/1.7.0.Final/wildfly-common-1.7.0.Final.jar:/home/juan/.m2/repository/io/quarkus/quarkus-bootstrap-runner/3.10.0/quarkus-bootstrap-runner-3.10.0.jar:/home/juan/.m2/repository/io/quarkus/quarkus-fs-util/0.0.10/quarkus-fs-util-0.0.10.jar:/home/juan/.m2/repository/io/quarkus/quarkus-hibernate-reactive/3.10.0/quarkus-hibernate-reactive-3.10.0.jar:/home/juan/.m2/repository/io/quarkus/quarkus-hibernate-orm/3.10.0/quarkus-hibernate-orm-3.10.0.jar:/home/juan/.m2/repository/org/hibernate/orm/hibernate-core/6.4.4.Final/hibernate-core-6.4.4.Final.jar:/home/juan/.m2/repository/net/bytebuddy/byte-buddy/1.14.11/byte-buddy-1.14.11.jar:/home/juan/.m2/repository/org/hibernate/common/hibernate-commons-annotations/6.0.6.Final/hibernate-commons-annotations-6.0.6.Final.jar:/home/juan/.m2/repository/org/hibernate/orm/hibernate-graalvm/6.4.4.Final/hibernate-graalvm-6.4.4.Final.jar:/home/juan/.m2/repository/org/glassfish/jaxb/jaxb-runtime/4.0.5/jaxb-runtime-4.0.5.jar:/home/juan/.m2/repository/org/glassfish/jaxb/jaxb-core/4.0.5/jaxb-core-4.0.5.jar:/home/juan/.m2/repository/org/glassfish/jaxb/txw2/4.0.5/txw2-4.0.5.jar:/home/juan/.m2/repository/com/sun/istack/istack-commons-runtime/4.1.2/istack-commons-runtime-4.1.2.jar:/home/juan/.m2/repository/jakarta/persistence/jakarta.persistence-api/3.1.0/jakarta.persistence-api-3.1.0.jar:/home/juan/.m2/repository/org/hibernate/quarkus-local-cache/0.3.0/quarkus-local-cache-0.3.0.jar:/home/juan/.m2/repository/io/quarkus/quarkus-caffeine/3.10.0/quarkus-caffeine-3.10.0.jar:/home/juan/.m2/repository/com/github/ben-manes/caffeine/caffeine/3.1.5/caffeine-3.1.5.jar:/home/juan/.m2/repository/com/google/errorprone/error_prone_annotations/2.26.1/error_prone_annotations-2.26.1.jar:/home/juan/.m2/repository/org/hibernate/reactive/hibernate-reactive-core/2.2.2.Final/hibernate-reactive-core-2.2.2.Final.jar:/home/juan/.m2/repository/io/quarkus/quarkus-hibernate-reactive-panache-common/3.10.0/quarkus-hibernate-reactive-panache-common-3.10.0.jar:/home/juan/.m2/repository/io/quarkus/quarkus-panache-common/3.10.0/quarkus-panache-common-3.10.0.jar:/home/juan/.m2/repository/io/quarkus/quarkus-panache-hibernate-common/3.10.0/quarkus-panache-hibernate-common-3.10.0.jar:/home/juan/.m2/repository/org/antlr/antlr4-runtime/4.13.0/antlr4-runtime-4.13.0.jar:/home/juan/.m2/repository/io/smallrye/common/smallrye-common-annotation/2.3.0/smallrye-common-annotation-2.3.0.jar:/home/juan/.m2/repository/io/quarkus/quarkus-reactive-pg-client/3.10.0/quarkus-reactive-pg-client-3.10.0.jar:/home/juan/.m2/repository/io/quarkus/quarkus-reactive-datasource/3.10.0/quarkus-reactive-datasource-3.10.0.jar:/home/juan/.m2/repository/io/quarkus/quarkus-datasource/3.10.0/quarkus-datasource-3.10.0.jar:/home/juan/.m2/repository/io/quarkus/quarkus-datasource-common/3.10.0/quarkus-datasource-common-3.10.0.jar:/home/juan/.m2/repository/io/vertx/vertx-sql-client/4.5.7/vertx-sql-client-4.5.7.jar:/home/juan/.m2/repository/io/vertx/vertx-pg-client/4.5.7/vertx-pg-client-4.5.7.jar:/home/juan/.m2/repository/io/vertx/vertx-core/4.5.7/vertx-core-4.5.7.jar:/home/juan/.m2/repository/io/netty/netty-common/4.1.108.Final/netty-common-4.1.108.Final.jar:/home/juan/.m2/repository/io/netty/netty-handler-proxy/4.1.108.Final/netty-handler-proxy-4.1.108.Final.jar:/home/juan/.m2/repository/io/netty/netty-codec-socks/4.1.108.Final/netty-codec-socks-4.1.108.Final.jar:/home/juan/.m2/repository/io/netty/netty-resolver/4.1.108.Final/netty-resolver-4.1.108.Final.jar:/home/juan/.m2/repository/io/netty/netty-resolver-dns/4.1.108.Final/netty-resolver-dns-4.1.108.Final.jar:/home/juan/.m2/repository/io/netty/netty-codec-dns/4.1.108.Final/netty-codec-dns-4.1.108.Final.jar:/home/juan/.m2/repository/com/ongres/scram/client/2.1/client-2.1.jar:/home/juan/.m2/repository/com/ongres/scram/common/2.1/common-2.1.jar:/home/juan/.m2/repository/com/ongres/stringprep/saslprep/1.1/saslprep-1.1.jar:/home/juan/.m2/repository/com/ongres/stringprep/stringprep/1.1/stringprep-1.1.jar:/home/juan/.m2/repository/io/smallrye/reactive/smallrye-mutiny-vertx-pg-client/3.12.0/smallrye-mutiny-vertx-pg-client-3.12.0.jar:/home/juan/.m2/repository/io/smallrye/reactive/smallrye-mutiny-vertx-sql-client/3.12.0/smallrye-mutiny-vertx-sql-client-3.12.0.jar:/home/juan/.m2/repository/io/quarkus/quarkus-credentials/3.10.0/quarkus-credentials-3.10.0.jar:/home/juan/.m2/repository/io/smallrye/reactive/smallrye-mutiny-vertx-web-client/3.12.0/smallrye-mutiny-vertx-web-client-3.12.0.jar:/home/juan/.m2/repository/io/vertx/vertx-web-client/4.5.7/vertx-web-client-4.5.7.jar:/home/juan/.m2/repository/io/vertx/vertx-uri-template/4.5.7/vertx-uri-template-4.5.7.jar:/home/juan/.m2/repository/io/vertx/vertx-web-common/4.5.7/vertx-web-common-4.5.7.jar:/home/juan/.m2/repository/io/vertx/vertx-auth-common/4.5.7/vertx-auth-common-4.5.7.jar:/home/juan/.m2/repository/io/smallrye/reactive/smallrye-mutiny-vertx-core/3.12.0/smallrye-mutiny-vertx-core-3.12.0.jar:/home/juan/.m2/repository/io/smallrye/reactive/mutiny/2.6.0/mutiny-2.6.0.jar:/home/juan/.m2/repository/org/jctools/jctools-core/4.0.3/jctools-core-4.0.3.jar:/home/juan/.m2/repository/io/smallrye/reactive/smallrye-mutiny-vertx-runtime/3.12.0/smallrye-mutiny-vertx-runtime-3.12.0.jar:/home/juan/.m2/repository/io/smallrye/reactive/vertx-mutiny-generator/3.12.0/vertx-mutiny-generator-3.12.0.jar:/home/juan/.m2/repository/io/vertx/vertx-codegen/4.5.7/vertx-codegen-4.5.7.jar:/home/juan/.m2/repository/io/smallrye/reactive/smallrye-mutiny-vertx-auth-common/3.12.0/smallrye-mutiny-vertx-auth-common-3.12.0.jar:/home/juan/.m2/repository/io/smallrye/reactive/smallrye-mutiny-vertx-web-common/3.12.0/smallrye-mutiny-vertx-web-common-3.12.0.jar:/home/juan/.m2/repository/io/smallrye/reactive/smallrye-mutiny-vertx-uri-template/3.12.0/smallrye-mutiny-vertx-uri-template-3.12.0.jar:/home/juan/.m2/repository/io/quarkus/quarkus-rest-jackson/3.10.0/quarkus-rest-jackson-3.10.0.jar:/home/juan/.m2/repository/io/quarkus/quarkus-rest/3.10.0/quarkus-rest-3.10.0.jar:/home/juan/.m2/repository/io/quarkus/quarkus-rest-common/3.10.0/quarkus-rest-common-3.10.0.jar:/home/juan/.m2/repository/io/quarkus/resteasy/reactive/resteasy-reactive-common/3.10.0/resteasy-reactive-common-3.10.0.jar:/home/juan/.m2/repository/io/quarkus/resteasy/reactive/resteasy-reactive-common-types/3.10.0/resteasy-reactive-common-types-3.10.0.jar:/home/juan/.m2/repository/org/reactivestreams/reactive-streams/1.0.4/reactive-streams-1.0.4.jar:/home/juan/.m2/repository/io/quarkus/resteasy/reactive/resteasy-reactive-vertx/3.10.0/resteasy-reactive-vertx-3.10.0.jar:/home/juan/.m2/repository/io/quarkus/resteasy/reactive/resteasy-reactive/3.10.0/resteasy-reactive-3.10.0.jar:/home/juan/.m2/repository/io/quarkus/quarkus-jsonp/3.10.0/quarkus-jsonp-3.10.0.jar:/home/juan/.m2/repository/io/quarkus/quarkus-rest-jackson-common/3.10.0/quarkus-rest-jackson-common-3.10.0.jar:/home/juan/.m2/repository/io/quarkus/resteasy/reactive/resteasy-reactive-jackson/3.10.0/resteasy-reactive-jackson-3.10.0.jar:/home/juan/.m2/repository/io/quarkus/quarkus-hibernate-validator/3.10.0/quarkus-hibernate-validator-3.10.0.jar:/home/juan/.m2/repository/org/hibernate/validator/hibernate-validator/8.0.1.Final/hibernate-validator-8.0.1.Final.jar:/home/juan/.m2/repository/jakarta/validation/jakarta.validation-api/3.0.2/jakarta.validation-api-3.0.2.jar:/home/juan/.m2/repository/com/fasterxml/classmate/1.7.0/classmate-1.7.0.jar:/home/juan/.m2/repository/org/glassfish/expressly/expressly/5.0.0/expressly-5.0.0.jar:/home/juan/.m2/repository/jakarta/el/jakarta.el-api/5.0.1/jakarta.el-api-5.0.1.jar:/home/juan/.m2/repository/io/smallrye/config/smallrye-config-validator/3.7.1/smallrye-config-validator-3.7.1.jar:/home/juan/.m2/repository/jakarta/ws/rs/jakarta.ws.rs-api/3.1.0/jakarta.ws.rs-api-3.1.0.jar:/home/juan/.m2/repository/io/quarkus/quarkus-jdbc-postgresql/3.10.0/quarkus-jdbc-postgresql-3.10.0.jar:/home/juan/.m2/repository/org/postgresql/postgresql/42.7.3/postgresql-42.7.3.jar:/home/juan/.m2/repository/io/quarkus/quarkus-resteasy-client-jackson/3.10.0/quarkus-resteasy-client-jackson-3.10.0.jar:/home/juan/.m2/repository/io/quarkus/quarkus-resteasy-client/3.10.0/quarkus-resteasy-client-3.10.0.jar:/home/juan/.m2/repository/io/quarkus/quarkus-resteasy-common/3.10.0/quarkus-resteasy-common-3.10.0.jar:/home/juan/.m2/repository/org/jboss/resteasy/resteasy-core/6.2.7.Final/resteasy-core-6.2.7.Final.jar:/home/juan/.m2/repository/org/jboss/resteasy/resteasy-core-spi/6.2.7.Final/resteasy-core-spi-6.2.7.Final.jar:/home/juan/.m2/repository/com/ibm/async/asyncutil/0.1.0/asyncutil-0.1.0.jar:/home/juan/.m2/repository/org/eclipse/angus/angus-activation/2.0.2/angus-activation-2.0.2.jar:/home/juan/.m2/repository/org/jboss/resteasy/microprofile/microprofile-config/2.1.5.Final/microprofile-config-2.1.5.Final.jar:/home/juan/.m2/repository/jakarta/servlet/jakarta.servlet-api/6.0.0/jakarta.servlet-api-6.0.0.jar:/home/juan/.m2/repository/io/quarkus/quarkus-apache-httpclient/3.10.0/quarkus-apache-httpclient-3.10.0.jar:/home/juan/.m2/repository/io/quarkus/quarkus-rest-client-config/3.10.0/quarkus-rest-client-config-3.10.0.jar:/home/juan/.m2/repository/org/eclipse/microprofile/rest/client/microprofile-rest-client-api/3.0.1/microprofile-rest-client-api-3.0.1.jar:/home/juan/.m2/repository/org/jboss/resteasy/microprofile/microprofile-rest-client/2.1.5.Final/microprofile-rest-client-2.1.5.Final.jar:/home/juan/.m2/repository/org/jboss/resteasy/microprofile/microprofile-rest-client-base/2.1.5.Final/microprofile-rest-client-base-2.1.5.Final.jar:/home/juan/.m2/repository/org/jboss/resteasy/resteasy-client/6.2.7.Final/resteasy-client-6.2.7.Final.jar:/home/juan/.m2/repository/org/jboss/resteasy/resteasy-client-api/6.2.7.Final/resteasy-client-api-6.2.7.Final.jar:/home/juan/.m2/repository/jakarta/interceptor/jakarta.interceptor-api/2.1.0/jakarta.interceptor-api-2.1.0.jar:/home/juan/.m2/repository/org/apache/httpcomponents/httpasyncclient/4.1.5/httpasyncclient-4.1.5.jar:/home/juan/.m2/repository/org/apache/httpcomponents/httpcore-nio/4.4.16/httpcore-nio-4.4.16.jar:/home/juan/.m2/repository/org/jboss/logging/commons-logging-jboss-logging/1.0.0.Final/commons-logging-jboss-logging-1.0.0.Final.jar:/home/juan/.m2/repository/io/quarkus/quarkus-jackson/3.10.0/quarkus-jackson-3.10.0.jar:/home/juan/.m2/repository/com/fasterxml/jackson/core/jackson-databind/2.17.0/jackson-databind-2.17.0.jar:/home/juan/.m2/repository/com/fasterxml/jackson/datatype/jackson-datatype-jsr310/2.17.0/jackson-datatype-jsr310-2.17.0.jar:/home/juan/.m2/repository/com/fasterxml/jackson/datatype/jackson-datatype-jdk8/2.17.0/jackson-datatype-jdk8-2.17.0.jar:/home/juan/.m2/repository/com/fasterxml/jackson/module/jackson-module-parameter-names/2.17.0/jackson-module-parameter-names-2.17.0.jar:/home/juan/.m2/repository/org/jboss/resteasy/resteasy-jackson2-provider/6.2.7.Final/resteasy-jackson2-provider-6.2.7.Final.jar:/home/juan/.m2/repository/com/fasterxml/jackson/core/jackson-core/2.17.0/jackson-core-2.17.0.jar:/home/juan/.m2/repository/com/fasterxml/jackson/core/jackson-annotations/2.17.0/jackson-annotations-2.17.0.jar:/home/juan/.m2/repository/com/fasterxml/jackson/jakarta/rs/jackson-jakarta-rs-base/2.17.0/jackson-jakarta-rs-base-2.17.0.jar:/home/juan/.m2/repository/com/fasterxml/jackson/jakarta/rs/jackson-jakarta-rs-json-provider/2.17.0/jackson-jakarta-rs-json-provider-2.17.0.jar:/home/juan/.m2/repository/com/fasterxml/jackson/module/jackson-module-jakarta-xmlbind-annotations/2.17.0/jackson-module-jakarta-xmlbind-annotations-2.17.0.jar:/home/juan/.m2/repository/com/github/java-json-tools/json-patch/1.13/json-patch-1.13.jar:/home/juan/.m2/repository/com/github/java-json-tools/msg-simple/1.2/msg-simple-1.2.jar:/home/juan/.m2/repository/com/github/java-json-tools/btf/1.3/btf-1.3.jar:/home/juan/.m2/repository/com/github/java-json-tools/jackson-coreutils/2.0/jackson-coreutils-2.0.jar:/home/juan/.m2/repository/jakarta/xml/bind/jakarta.xml.bind-api/4.0.2/jakarta.xml.bind-api-4.0.2.jar:/home/juan/.m2/repository/jakarta/activation/jakarta.activation-api/2.1.3/jakarta.activation-api-2.1.3.jar:/home/juan/.m2/repository/io/quarkus/quarkus-vertx/3.10.0/quarkus-vertx-3.10.0.jar:/home/juan/.m2/repository/io/quarkus/quarkus-netty/3.10.0/quarkus-netty-3.10.0.jar:/home/juan/.m2/repository/io/netty/netty-codec/4.1.108.Final/netty-codec-4.1.108.Final.jar:/home/juan/.m2/repository/io/netty/netty-codec-http/4.1.108.Final/netty-codec-http-4.1.108.Final.jar:/home/juan/.m2/repository/io/netty/netty-codec-http2/4.1.108.Final/netty-codec-http2-4.1.108.Final.jar:/home/juan/.m2/repository/io/netty/netty-handler/4.1.108.Final/netty-handler-4.1.108.Final.jar:/home/juan/.m2/repository/io/netty/netty-transport-native-unix-common/4.1.108.Final/netty-transport-native-unix-common-4.1.108.Final.jar:/home/juan/.m2/repository/com/aayushatharva/brotli4j/brotli4j/1.16.0/brotli4j-1.16.0.jar:/home/juan/.m2/repository/com/aayushatharva/brotli4j/service/1.16.0/service-1.16.0.jar:/home/juan/.m2/repository/com/aayushatharva/brotli4j/native-linux-x86_64/1.16.0/native-linux-x86_64-1.16.0.jar:/home/juan/.m2/repository/io/netty/netty-codec-haproxy/4.1.108.Final/netty-codec-haproxy-4.1.108.Final.jar:/home/juan/.m2/repository/io/netty/netty-buffer/4.1.108.Final/netty-buffer-4.1.108.Final.jar:/home/juan/.m2/repository/io/netty/netty-transport/4.1.108.Final/netty-transport-4.1.108.Final.jar:/home/juan/.m2/repository/io/smallrye/common/smallrye-common-vertx-context/2.3.0/smallrye-common-vertx-context-2.3.0.jar:/home/juan/.m2/repository/io/smallrye/common/smallrye-common-constraint/2.3.0/smallrye-common-constraint-2.3.0.jar:/home/juan/.m2/repository/io/quarkus/quarkus-mutiny/3.10.0/quarkus-mutiny-3.10.0.jar:/home/juan/.m2/repository/io/smallrye/reactive/mutiny-smallrye-context-propagation/2.6.0/mutiny-smallrye-context-propagation-2.6.0.jar:/home/juan/.m2/repository/io/quarkus/quarkus-virtual-threads/3.10.0/quarkus-virtual-threads-3.10.0.jar:/home/juan/.m2/repository/io/quarkus/quarkus-vertx-latebound-mdc-provider/3.10.0/quarkus-vertx-latebound-mdc-provider-3.10.0.jar:/home/juan/.m2/repository/io/smallrye/smallrye-fault-tolerance-vertx/6.3.0/smallrye-fault-tolerance-vertx-6.3.0.jar:/home/juan/.m2/repository/io/quarkus/quarkus-arc/3.10.0/quarkus-arc-3.10.0.jar:/home/juan/.m2/repository/io/quarkus/arc/arc/3.10.0/arc-3.10.0.jar:/home/juan/.m2/repository/jakarta/transaction/jakarta.transaction-api/2.0.1/jakarta.transaction-api-2.0.1.jar:/home/juan/.m2/repository/org/eclipse/microprofile/context-propagation/microprofile-context-propagation-api/1.3/microprofile-context-propagation-api-1.3.jar:/home/juan/.m2/repository/io/quarkus/quarkus-smallrye-openapi/3.10.0/quarkus-smallrye-openapi-3.10.0.jar:/home/juan/.m2/repository/io/smallrye/smallrye-open-api-core/3.10.0/smallrye-open-api-core-3.10.0.jar:/home/juan/.m2/repository/org/eclipse/microprofile/openapi/microprofile-openapi-api/3.1.1/microprofile-openapi-api-3.1.1.jar:/home/juan/.m2/repository/org/eclipse/microprofile/config/microprofile-config-api/3.0.3/microprofile-config-api-3.0.3.jar:/home/juan/.m2/repository/com/fasterxml/jackson/dataformat/jackson-dataformat-yaml/2.17.0/jackson-dataformat-yaml-2.17.0.jar:/home/juan/.m2/repository/org/yaml/snakeyaml/2.2/snakeyaml-2.2.jar:/home/juan/.m2/repository/io/smallrye/jandex/3.1.7/jandex-3.1.7.jar:/home/juan/.m2/repository/io/quarkus/quarkus-vertx-http/3.10.0/quarkus-vertx-http-3.10.0.jar:/home/juan/.m2/repository/io/quarkus/quarkus-security-runtime-spi/3.10.0/quarkus-security-runtime-spi-3.10.0.jar:/home/juan/.m2/repository/io/quarkus/security/quarkus-security/2.0.3.Final/quarkus-security-2.0.3.Final.jar:/home/juan/.m2/repository/io/smallrye/reactive/smallrye-mutiny-vertx-web/3.12.0/smallrye-mutiny-vertx-web-3.12.0.jar:/home/juan/.m2/repository/io/smallrye/reactive/smallrye-mutiny-vertx-bridge-common/3.12.0/smallrye-mutiny-vertx-bridge-common-3.12.0.jar:/home/juan/.m2/repository/io/vertx/vertx-web/4.5.7/vertx-web-4.5.7.jar:/home/juan/.m2/repository/io/vertx/vertx-bridge-common/4.5.7/vertx-bridge-common-4.5.7.jar:/home/juan/.m2/repository/io/github/crac/org-crac/0.1.3/org-crac-0.1.3.jar:/home/juan/.m2/repository/io/quarkus/quarkus-swagger-ui/3.10.0/quarkus-swagger-ui-3.10.0.jar:/home/juan/.m2/repository/io/quarkus/quarkus-smallrye-graphql/3.10.0/quarkus-smallrye-graphql-3.10.0.jar:/home/juan/.m2/repository/io/quarkus/quarkus-jsonb/3.10.0/quarkus-jsonb-3.10.0.jar:/home/juan/.m2/repository/org/eclipse/yasson/3.0.3/yasson-3.0.3.jar:/home/juan/.m2/repository/jakarta/json/bind/jakarta.json.bind-api/3.0.0/jakarta.json.bind-api-3.0.0.jar:/home/juan/.m2/repository/io/smallrye/smallrye-graphql-cdi/2.8.2/smallrye-graphql-cdi-2.8.2.jar:/home/juan/.m2/repository/io/smallrye/smallrye-graphql/2.8.2/smallrye-graphql-2.8.2.jar:/home/juan/.m2/repository/io/smallrye/smallrye-graphql-api/2.8.2/smallrye-graphql-api-2.8.2.jar:/home/juan/.m2/repository/org/eclipse/microprofile/graphql/microprofile-graphql-api/2.0/microprofile-graphql-api-2.0.jar:/home/juan/.m2/repository/io/smallrye/smallrye-graphql-schema-model/2.8.2/smallrye-graphql-schema-model-2.8.2.jar:/home/juan/.m2/repository/com/graphql-java/graphql-java/21.3/graphql-java-21.3.jar:/home/juan/.m2/repository/com/graphql-java/java-dataloader/3.2.1/java-dataloader-3.2.1.jar:/home/juan/.m2/repository/com/apollographql/federation/federation-graphql-java-support/4.4.0/federation-graphql-java-support-4.4.0.jar:/home/juan/.m2/repository/com/google/protobuf/protobuf-java/3.25.0/protobuf-java-3.25.0.jar:/home/juan/.m2/repository/io/smallrye/reactive/mutiny-zero-flow-adapters/1.1.0/mutiny-zero-flow-adapters-1.1.0.jar:/home/juan/.m2/repository/com/graphql-java/graphql-java-extended-scalars/21.0/graphql-java-extended-scalars-21.0.jar:/home/juan/.m2/repository/jakarta/json/jakarta.json-api/2.1.3/jakarta.json-api-2.1.3.jar:/home/juan/.m2/repository/io/quarkus/quarkus-smallrye-context-propagation/3.10.0/quarkus-smallrye-context-propagation-3.10.0.jar:/home/juan/.m2/repository/io/smallrye/smallrye-context-propagation/2.1.0/smallrye-context-propagation-2.1.0.jar:/home/juan/.m2/repository/io/smallrye/smallrye-context-propagation-api/2.1.0/smallrye-context-propagation-api-2.1.0.jar:/home/juan/.m2/repository/io/smallrye/smallrye-context-propagation-storage/2.1.0/smallrye-context-propagation-storage-2.1.0.jar:/home/juan/.m2/repository/org/eclipse/microprofile/metrics/microprofile-metrics-api/4.0.1/microprofile-metrics-api-4.0.1.jar:/home/juan/.m2/repository/io/quarkus/quarkus-junit5/3.10.0/quarkus-junit5-3.10.0.jar:/home/juan/.m2/repository/io/quarkus/quarkus-bootstrap-core/3.10.0/quarkus-bootstrap-core-3.10.0.jar:/home/juan/.m2/repository/io/quarkus/quarkus-bootstrap-app-model/3.10.0/quarkus-bootstrap-app-model-3.10.0.jar:/home/juan/.m2/repository/io/smallrye/common/smallrye-common-io/2.3.0/smallrye-common-io-2.3.0.jar:/home/juan/.m2/repository/org/eclipse/sisu/org.eclipse.sisu.inject/0.9.0.M2/org.eclipse.sisu.inject-0.9.0.M2.jar:/home/juan/.m2/repository/io/quarkus/quarkus-test-common/3.10.0/quarkus-test-common-3.10.0.jar:/home/juan/.m2/repository/io/quarkus/quarkus-core-deployment/3.10.0/quarkus-core-deployment-3.10.0.jar:/home/juan/.m2/repository/org/aesh/readline/2.4/readline-2.4.jar:/home/juan/.m2/repository/org/fusesource/jansi/jansi/2.4.0/jansi-2.4.0.jar:/home/juan/.m2/repository/org/aesh/aesh/2.7/aesh-2.7.jar:/home/juan/.m2/repository/io/quarkus/gizmo/gizmo/1.8.0/gizmo-1.8.0.jar:/home/juan/.m2/repository/org/ow2/asm/asm-util/9.7/asm-util-9.7.jar:/home/juan/.m2/repository/org/ow2/asm/asm-analysis/9.7/asm-analysis-9.7.jar:/home/juan/.m2/repository/org/ow2/asm/asm/9.7/asm-9.7.jar:/home/juan/.m2/repository/org/ow2/asm/asm-commons/9.7/asm-commons-9.7.jar:/home/juan/.m2/repository/org/ow2/asm/asm-tree/9.7/asm-tree-9.7.jar:/home/juan/.m2/repository/io/quarkus/quarkus-class-change-agent/3.10.0/quarkus-class-change-agent-3.10.0.jar:/home/juan/.m2/repository/io/quarkus/quarkus-devtools-utilities/3.10.0/quarkus-devtools-utilities-3.10.0.jar:/home/juan/.m2/repository/io/quarkus/quarkus-builder/3.10.0/quarkus-builder-3.10.0.jar:/home/juan/.m2/repository/org/graalvm/sdk/nativeimage/23.1.2/nativeimage-23.1.2.jar:/home/juan/.m2/repository/org/graalvm/sdk/word/23.1.2/word-23.1.2.jar:/home/juan/.m2/repository/org/junit/platform/junit-platform-launcher/1.10.2/junit-platform-launcher-1.10.2.jar:/home/juan/.m2/repository/io/quarkus/quarkus-bootstrap-maven-resolver/3.10.0/quarkus-bootstrap-maven-resolver-3.10.0.jar:/home/juan/.m2/repository/io/smallrye/beanbag/smallrye-beanbag-maven/1.4.1/smallrye-beanbag-maven-1.4.1.jar:/home/juan/.m2/repository/io/smallrye/beanbag/smallrye-beanbag-sisu/1.4.1/smallrye-beanbag-sisu-1.4.1.jar:/home/juan/.m2/repository/io/smallrye/beanbag/smallrye-beanbag/1.4.1/smallrye-beanbag-1.4.1.jar:/home/juan/.m2/repository/javax/inject/javax.inject/1/javax.inject-1.jar:/home/juan/.m2/repository/org/apache/maven/maven-artifact/3.9.6/maven-artifact-3.9.6.jar:/home/juan/.m2/repository/org/apache/maven/maven-builder-support/3.9.6/maven-builder-support-3.9.6.jar:/home/juan/.m2/repository/org/apache/maven/maven-model/3.9.6/maven-model-3.9.6.jar:/home/juan/.m2/repository/org/apache/maven/maven-model-builder/3.9.6/maven-model-builder-3.9.6.jar:/home/juan/.m2/repository/org/apache/maven/maven-repository-metadata/3.9.6/maven-repository-metadata-3.9.6.jar:/home/juan/.m2/repository/org/apache/maven/maven-settings/3.9.6/maven-settings-3.9.6.jar:/home/juan/.m2/repository/org/apache/maven/resolver/maven-resolver-api/1.9.18/maven-resolver-api-1.9.18.jar:/home/juan/.m2/repository/org/apache/maven/resolver/maven-resolver-impl/1.9.18/maven-resolver-impl-1.9.18.jar:/home/juan/.m2/repository/org/apache/maven/resolver/maven-resolver-named-locks/1.9.18/maven-resolver-named-locks-1.9.18.jar:/home/juan/.m2/repository/org/apache/maven/resolver/maven-resolver-spi/1.9.18/maven-resolver-spi-1.9.18.jar:/home/juan/.m2/repository/org/apache/maven/resolver/maven-resolver-util/1.9.18/maven-resolver-util-1.9.18.jar:/home/juan/.m2/repository/org/apache/maven/resolver/maven-resolver-transport-http/1.9.18/maven-resolver-transport-http-1.9.18.jar:/home/juan/.m2/repository/org/apache/maven/wagon/wagon-provider-api/3.5.3/wagon-provider-api-3.5.3.jar:/home/juan/.m2/repository/org/apache/maven/wagon/wagon-http-shared/3.5.3/wagon-http-shared-3.5.3.jar:/home/juan/.m2/repository/org/codehaus/plexus/plexus-interpolation/1.26/plexus-interpolation-1.26.jar:/home/juan/.m2/repository/org/codehaus/plexus/plexus-utils/3.5.1/plexus-utils-3.5.1.jar:/home/juan/.m2/repository/org/codehaus/plexus/plexus-xml/4.0.0/plexus-xml-4.0.0.jar:/home/juan/.m2/repository/org/apache/maven/maven-xml-impl/4.0.0-alpha-5/maven-xml-impl-4.0.0-alpha-5.jar:/home/juan/.m2/repository/org/apache/maven/maven-api-xml/4.0.0-alpha-5/maven-api-xml-4.0.0-alpha-5.jar:/home/juan/.m2/repository/org/apache/maven/maven-api-meta/4.0.0-alpha-5/maven-api-meta-4.0.0-alpha-5.jar:/home/juan/.m2/repository/org/codehaus/plexus/plexus-cipher/2.0/plexus-cipher-2.0.jar:/home/juan/.m2/repository/org/codehaus/plexus/plexus-sec-dispatcher/2.0/plexus-sec-dispatcher-2.0.jar:/home/juan/.m2/repository/org/apache/maven/maven-embedder/3.9.6/maven-embedder-3.9.6.jar:/home/juan/.m2/repository/org/apache/maven/maven-core/3.9.6/maven-core-3.9.6.jar:/home/juan/.m2/repository/org/codehaus/plexus/plexus-component-annotations/2.1.0/plexus-component-annotations-2.1.0.jar:/home/juan/.m2/repository/org/apache/maven/maven-plugin-api/3.9.6/maven-plugin-api-3.9.6.jar:/home/juan/.m2/repository/org/apache/maven/shared/maven-shared-utils/3.3.4/maven-shared-utils-3.3.4.jar:/home/juan/.m2/repository/com/google/inject/guice/5.1.0/guice-5.1.0.jar:/home/juan/.m2/repository/aopalliance/aopalliance/1.0/aopalliance-1.0.jar:/home/juan/.m2/repository/com/google/guava/guava/33.1.0-jre/guava-33.1.0-jre.jar:/home/juan/.m2/repository/com/google/guava/failureaccess/1.0.1/failureaccess-1.0.1.jar:/home/juan/.m2/repository/javax/annotation/javax.annotation-api/1.3.2/javax.annotation-api-1.3.2.jar:/home/juan/.m2/repository/org/codehaus/plexus/plexus-classworlds/2.6.0/plexus-classworlds-2.6.0.jar:/home/juan/.m2/repository/commons-cli/commons-cli/1.5.0/commons-cli-1.5.0.jar:/home/juan/.m2/repository/org/eclipse/sisu/org.eclipse.sisu.plexus/0.9.0.M2/org.eclipse.sisu.plexus-0.9.0.M2.jar:/home/juan/.m2/repository/org/apache/maven/maven-settings-builder/3.9.6/maven-settings-builder-3.9.6.jar:/home/juan/.m2/repository/org/apache/maven/maven-resolver-provider/3.9.6/maven-resolver-provider-3.9.6.jar:/home/juan/.m2/repository/org/apache/maven/resolver/maven-resolver-connector-basic/1.9.18/maven-resolver-connector-basic-1.9.18.jar:/home/juan/.m2/repository/org/apache/maven/resolver/maven-resolver-transport-wagon/1.9.18/maven-resolver-transport-wagon-1.9.18.jar:/home/juan/.m2/repository/org/apache/maven/wagon/wagon-http/3.5.3/wagon-http-3.5.3.jar:/home/juan/.m2/repository/org/apache/maven/wagon/wagon-file/3.5.3/wagon-file-3.5.3.jar:/home/juan/.m2/repository/io/quarkus/quarkus-bootstrap-gradle-resolver/3.10.0/quarkus-bootstrap-gradle-resolver-3.10.0.jar:/home/juan/.m2/repository/commons-io/commons-io/2.16.0/commons-io-2.16.0.jar:/home/juan/.m2/repository/io/quarkus/quarkus-junit5-properties/3.10.0/quarkus-junit5-properties-3.10.0.jar:/home/juan/.m2/repository/org/junit/jupiter/junit-jupiter/5.10.2/junit-jupiter-5.10.2.jar:/home/juan/.m2/repository/org/junit/jupiter/junit-jupiter-api/5.10.2/junit-jupiter-api-5.10.2.jar:/home/juan/.m2/repository/org/opentest4j/opentest4j/1.3.0/opentest4j-1.3.0.jar:/home/juan/.m2/repository/org/junit/platform/junit-platform-commons/1.10.2/junit-platform-commons-1.10.2.jar:/home/juan/.m2/repository/org/apiguardian/apiguardian-api/1.1.2/apiguardian-api-1.1.2.jar:/home/juan/.m2/repository/org/junit/jupiter/junit-jupiter-params/5.10.2/junit-jupiter-params-5.10.2.jar:/home/juan/.m2/repository/org/junit/jupiter/junit-jupiter-engine/5.10.2/junit-jupiter-engine-5.10.2.jar:/home/juan/.m2/repository/org/junit/platform/junit-platform-engine/1.10.2/junit-platform-engine-1.10.2.jar:/home/juan/.m2/repository/com/thoughtworks/xstream/xstream/1.4.20/xstream-1.4.20.jar:/home/juan/.m2/repository/io/github/x-stream/mxparser/1.2.2/mxparser-1.2.2.jar:/home/juan/.m2/repository/xmlpull/xmlpull/1.1.3.1/xmlpull-1.1.3.1.jar:/home/juan/.m2/repository/io/rest-assured/rest-assured/5.4.0/rest-assured-5.4.0.jar:/home/juan/.m2/repository/org/apache/groovy/groovy/4.0.16/groovy-4.0.16.jar:/home/juan/.m2/repository/org/apache/groovy/groovy-xml/4.0.16/groovy-xml-4.0.16.jar:/home/juan/.m2/repository/org/apache/httpcomponents/httpclient/4.5.14/httpclient-4.5.14.jar:/home/juan/.m2/repository/org/apache/httpcomponents/httpcore/4.4.16/httpcore-4.4.16.jar:/home/juan/.m2/repository/commons-codec/commons-codec/1.16.1/commons-codec-1.16.1.jar:/home/juan/.m2/repository/org/apache/httpcomponents/httpmime/4.5.14/httpmime-4.5.14.jar:/home/juan/.m2/repository/org/hamcrest/hamcrest/2.2/hamcrest-2.2.jar:/home/juan/.m2/repository/org/ccil/cowan/tagsoup/tagsoup/1.2.1/tagsoup-1.2.1.jar:/home/juan/.m2/repository/io/rest-assured/json-path/5.4.0/json-path-5.4.0.jar:/home/juan/.m2/repository/org/apache/groovy/groovy-json/4.0.16/groovy-json-4.0.16.jar:/home/juan/.m2/repository/io/rest-assured/rest-assured-common/5.4.0/rest-assured-common-5.4.0.jar:/home/juan/.m2/repository/io/rest-assured/xml-path/5.4.0/xml-path-5.4.0.jar:/home/juan/.m2/repository/org/apache/commons/commons-lang3/3.14.0/commons-lang3-3.14.0.jar:/home/juan/.m2/repository/org/projectlombok/lombok/1.18.30/lombok-1.18.30.jar:"/>
    <property name="smallrye.graphql.exclude-null-fields-in-responses" value="false"/>
    <property name="java.vm.vendor" value="Private Build"/>
    <property name="sun.arch.data.model" value="64"/>
    <property name="java.vendor.url" value="Unknown"/>
    <property name="user.timezone" value="America/Argentina/Tucuman"/>
    <property name="logging.initial-configurator.min-level" value="500"/>
    <property name="java.vm.specification.version" value="21"/>
    <property name="os.name" value="Linux"/>
    <property name="sun.java.launcher" value="SUN_STANDARD"/>
    <property name="user.country" value="AR"/>
    <property name="groovy.use.classvalue" value="false"/>
    <property name="mp.openapi.extensions.smallrye.defaultProduces" value="application/json"/>
    <property name="sun.boot.library.path" value="/usr/lib/jvm/java-21-openjdk-amd64/lib"/>
    <property name="sun.java.command" value="/home/juan/Escritorio/CURSOS/Quarkus/quarkus-reactive-graphql/target/surefire/surefirebooter-20240512033238568_3.jar /home/juan/Escritorio/CURSOS/Quarkus/quarkus-reactive-graphql/target/surefire 2024-05-12T03-32-38_461-jvmRun1 surefire-20240512033238568_1tmp surefire_0-20240512033238568_2tmp"/>
    <property name="jdk.debug" value="release"/>
    <property name="maven.home" value="/home/juan/Descargas/idea-IC-232.9559.62/plugins/maven/lib/maven3"/>
    <property name="surefire.test.class.path" value="/home/juan/Escritorio/CURSOS/Quarkus/quarkus-reactive-graphql/target/test-classes:/home/juan/Escritorio/CURSOS/Quarkus/quarkus-reactive-graphql/target/classes:/home/juan/.m2/repository/io/quarkus/quarkus-hibernate-reactive-panache/3.10.0/quarkus-hibernate-reactive-panache-3.10.0.jar:/home/juan/.m2/repository/io/quarkus/quarkus-core/3.10.0/quarkus-core-3.10.0.jar:/home/juan/.m2/repository/jakarta/annotation/jakarta.annotation-api/2.1.1/jakarta.annotation-api-2.1.1.jar:/home/juan/.m2/repository/jakarta/enterprise/jakarta.enterprise.cdi-api/4.0.1/jakarta.enterprise.cdi-api-4.0.1.jar:/home/juan/.m2/repository/jakarta/enterprise/jakarta.enterprise.lang-model/4.0.1/jakarta.enterprise.lang-model-4.0.1.jar:/home/juan/.m2/repository/jakarta/inject/jakarta.inject-api/2.0.1/jakarta.inject-api-2.0.1.jar:/home/juan/.m2/repository/io/smallrye/common/smallrye-common-os/2.3.0/smallrye-common-os-2.3.0.jar:/home/juan/.m2/repository/io/quarkus/quarkus-ide-launcher/3.10.0/quarkus-ide-launcher-3.10.0.jar:/home/juan/.m2/repository/io/quarkus/quarkus-development-mode-spi/3.10.0/quarkus-development-mode-spi-3.10.0.jar:/home/juan/.m2/repository/io/smallrye/config/smallrye-config/3.7.1/smallrye-config-3.7.1.jar:/home/juan/.m2/repository/io/smallrye/config/smallrye-config-core/3.7.1/smallrye-config-core-3.7.1.jar:/home/juan/.m2/repository/io/smallrye/common/smallrye-common-classloader/2.3.0/smallrye-common-classloader-2.3.0.jar:/home/juan/.m2/repository/io/smallrye/config/smallrye-config-common/3.7.1/smallrye-config-common-3.7.1.jar:/home/juan/.m2/repository/org/jboss/logging/jboss-logging/3.5.3.Final/jboss-logging-3.5.3.Final.jar:/home/juan/.m2/repository/org/jboss/logmanager/jboss-logmanager/3.0.4.Final/jboss-logmanager-3.0.4.Final.jar:/home/juan/.m2/repository/io/smallrye/common/smallrye-common-cpu/2.3.0/smallrye-common-cpu-2.3.0.jar:/home/juan/.m2/repository/io/smallrye/common/smallrye-common-expression/2.3.0/smallrye-common-expression-2.3.0.jar:/home/juan/.m2/repository/io/smallrye/common/smallrye-common-function/2.3.0/smallrye-common-function-2.3.0.jar:/home/juan/.m2/repository/io/smallrye/common/smallrye-common-net/2.3.0/smallrye-common-net-2.3.0.jar:/home/juan/.m2/repository/io/smallrye/common/smallrye-common-ref/2.3.0/smallrye-common-ref-2.3.0.jar:/home/juan/.m2/repository/org/eclipse/parsson/parsson/1.1.5/parsson-1.1.5.jar:/home/juan/.m2/repository/org/jboss/logging/jboss-logging-annotations/2.2.1.Final/jboss-logging-annotations-2.2.1.Final.jar:/home/juan/.m2/repository/org/jboss/threads/jboss-threads/3.6.1.Final/jboss-threads-3.6.1.Final.jar:/home/juan/.m2/repository/org/slf4j/slf4j-api/2.0.6/slf4j-api-2.0.6.jar:/home/juan/.m2/repository/org/jboss/slf4j/slf4j-jboss-logmanager/2.0.0.Final/slf4j-jboss-logmanager-2.0.0.Final.jar:/home/juan/.m2/repository/org/wildfly/common/wildfly-common/1.7.0.Final/wildfly-common-1.7.0.Final.jar:/home/juan/.m2/repository/io/quarkus/quarkus-bootstrap-runner/3.10.0/quarkus-bootstrap-runner-3.10.0.jar:/home/juan/.m2/repository/io/quarkus/quarkus-fs-util/0.0.10/quarkus-fs-util-0.0.10.jar:/home/juan/.m2/repository/io/quarkus/quarkus-hibernate-reactive/3.10.0/quarkus-hibernate-reactive-3.10.0.jar:/home/juan/.m2/repository/io/quarkus/quarkus-hibernate-orm/3.10.0/quarkus-hibernate-orm-3.10.0.jar:/home/juan/.m2/repository/org/hibernate/orm/hibernate-core/6.4.4.Final/hibernate-core-6.4.4.Final.jar:/home/juan/.m2/repository/net/bytebuddy/byte-buddy/1.14.11/byte-buddy-1.14.11.jar:/home/juan/.m2/repository/org/hibernate/common/hibernate-commons-annotations/6.0.6.Final/hibernate-commons-annotations-6.0.6.Final.jar:/home/juan/.m2/repository/org/hibernate/orm/hibernate-graalvm/6.4.4.Final/hibernate-graalvm-6.4.4.Final.jar:/home/juan/.m2/repository/org/glassfish/jaxb/jaxb-runtime/4.0.5/jaxb-runtime-4.0.5.jar:/home/juan/.m2/repository/org/glassfish/jaxb/jaxb-core/4.0.5/jaxb-core-4.0.5.jar:/home/juan/.m2/repository/org/glassfish/jaxb/txw2/4.0.5/txw2-4.0.5.jar:/home/juan/.m2/repository/com/sun/istack/istack-commons-runtime/4.1.2/istack-commons-runtime-4.1.2.jar:/home/juan/.m2/repository/jakarta/persistence/jakarta.persistence-api/3.1.0/jakarta.persistence-api-3.1.0.jar:/home/juan/.m2/repository/org/hibernate/quarkus-local-cache/0.3.0/quarkus-local-cache-0.3.0.jar:/home/juan/.m2/repository/io/quarkus/quarkus-caffeine/3.10.0/quarkus-caffeine-3.10.0.jar:/home/juan/.m2/repository/com/github/ben-manes/caffeine/caffeine/3.1.5/caffeine-3.1.5.jar:/home/juan/.m2/repository/com/google/errorprone/error_prone_annotations/2.26.1/error_prone_annotations-2.26.1.jar:/home/juan/.m2/repository/org/hibernate/reactive/hibernate-reactive-core/2.2.2.Final/hibernate-reactive-core-2.2.2.Final.jar:/home/juan/.m2/repository/io/quarkus/quarkus-hibernate-reactive-panache-common/3.10.0/quarkus-hibernate-reactive-panache-common-3.10.0.jar:/home/juan/.m2/repository/io/quarkus/quarkus-panache-common/3.10.0/quarkus-panache-common-3.10.0.jar:/home/juan/.m2/repository/io/quarkus/quarkus-panache-hibernate-common/3.10.0/quarkus-panache-hibernate-common-3.10.0.jar:/home/juan/.m2/repository/org/antlr/antlr4-runtime/4.13.0/antlr4-runtime-4.13.0.jar:/home/juan/.m2/repository/io/smallrye/common/smallrye-common-annotation/2.3.0/smallrye-common-annotation-2.3.0.jar:/home/juan/.m2/repository/io/quarkus/quarkus-reactive-pg-client/3.10.0/quarkus-reactive-pg-client-3.10.0.jar:/home/juan/.m2/repository/io/quarkus/quarkus-reactive-datasource/3.10.0/quarkus-reactive-datasource-3.10.0.jar:/home/juan/.m2/repository/io/quarkus/quarkus-datasource/3.10.0/quarkus-datasource-3.10.0.jar:/home/juan/.m2/repository/io/quarkus/quarkus-datasource-common/3.10.0/quarkus-datasource-common-3.10.0.jar:/home/juan/.m2/repository/io/vertx/vertx-sql-client/4.5.7/vertx-sql-client-4.5.7.jar:/home/juan/.m2/repository/io/vertx/vertx-pg-client/4.5.7/vertx-pg-client-4.5.7.jar:/home/juan/.m2/repository/io/vertx/vertx-core/4.5.7/vertx-core-4.5.7.jar:/home/juan/.m2/repository/io/netty/netty-common/4.1.108.Final/netty-common-4.1.108.Final.jar:/home/juan/.m2/repository/io/netty/netty-handler-proxy/4.1.108.Final/netty-handler-proxy-4.1.108.Final.jar:/home/juan/.m2/repository/io/netty/netty-codec-socks/4.1.108.Final/netty-codec-socks-4.1.108.Final.jar:/home/juan/.m2/repository/io/netty/netty-resolver/4.1.108.Final/netty-resolver-4.1.108.Final.jar:/home/juan/.m2/repository/io/netty/netty-resolver-dns/4.1.108.Final/netty-resolver-dns-4.1.108.Final.jar:/home/juan/.m2/repository/io/netty/netty-codec-dns/4.1.108.Final/netty-codec-dns-4.1.108.Final.jar:/home/juan/.m2/repository/com/ongres/scram/client/2.1/client-2.1.jar:/home/juan/.m2/repository/com/ongres/scram/common/2.1/common-2.1.jar:/home/juan/.m2/repository/com/ongres/stringprep/saslprep/1.1/saslprep-1.1.jar:/home/juan/.m2/repository/com/ongres/stringprep/stringprep/1.1/stringprep-1.1.jar:/home/juan/.m2/repository/io/smallrye/reactive/smallrye-mutiny-vertx-pg-client/3.12.0/smallrye-mutiny-vertx-pg-client-3.12.0.jar:/home/juan/.m2/repository/io/smallrye/reactive/smallrye-mutiny-vertx-sql-client/3.12.0/smallrye-mutiny-vertx-sql-client-3.12.0.jar:/home/juan/.m2/repository/io/quarkus/quarkus-credentials/3.10.0/quarkus-credentials-3.10.0.jar:/home/juan/.m2/repository/io/smallrye/reactive/smallrye-mutiny-vertx-web-client/3.12.0/smallrye-mutiny-vertx-web-client-3.12.0.jar:/home/juan/.m2/repository/io/vertx/vertx-web-client/4.5.7/vertx-web-client-4.5.7.jar:/home/juan/.m2/repository/io/vertx/vertx-uri-template/4.5.7/vertx-uri-template-4.5.7.jar:/home/juan/.m2/repository/io/vertx/vertx-web-common/4.5.7/vertx-web-common-4.5.7.jar:/home/juan/.m2/repository/io/vertx/vertx-auth-common/4.5.7/vertx-auth-common-4.5.7.jar:/home/juan/.m2/repository/io/smallrye/reactive/smallrye-mutiny-vertx-core/3.12.0/smallrye-mutiny-vertx-core-3.12.0.jar:/home/juan/.m2/repository/io/smallrye/reactive/mutiny/2.6.0/mutiny-2.6.0.jar:/home/juan/.m2/repository/org/jctools/jctools-core/4.0.3/jctools-core-4.0.3.jar:/home/juan/.m2/repository/io/smallrye/reactive/smallrye-mutiny-vertx-runtime/3.12.0/smallrye-mutiny-vertx-runtime-3.12.0.jar:/home/juan/.m2/repository/io/smallrye/reactive/vertx-mutiny-generator/3.12.0/vertx-mutiny-generator-3.12.0.jar:/home/juan/.m2/repository/io/vertx/vertx-codegen/4.5.7/vertx-codegen-4.5.7.jar:/home/juan/.m2/repository/io/smallrye/reactive/smallrye-mutiny-vertx-auth-common/3.12.0/smallrye-mutiny-vertx-auth-common-3.12.0.jar:/home/juan/.m2/repository/io/smallrye/reactive/smallrye-mutiny-vertx-web-common/3.12.0/smallrye-mutiny-vertx-web-common-3.12.0.jar:/home/juan/.m2/repository/io/smallrye/reactive/smallrye-mutiny-vertx-uri-template/3.12.0/smallrye-mutiny-vertx-uri-template-3.12.0.jar:/home/juan/.m2/repository/io/quarkus/quarkus-rest-jackson/3.10.0/quarkus-rest-jackson-3.10.0.jar:/home/juan/.m2/repository/io/quarkus/quarkus-rest/3.10.0/quarkus-rest-3.10.0.jar:/home/juan/.m2/repository/io/quarkus/quarkus-rest-common/3.10.0/quarkus-rest-common-3.10.0.jar:/home/juan/.m2/repository/io/quarkus/resteasy/reactive/resteasy-reactive-common/3.10.0/resteasy-reactive-common-3.10.0.jar:/home/juan/.m2/repository/io/quarkus/resteasy/reactive/resteasy-reactive-common-types/3.10.0/resteasy-reactive-common-types-3.10.0.jar:/home/juan/.m2/repository/org/reactivestreams/reactive-streams/1.0.4/reactive-streams-1.0.4.jar:/home/juan/.m2/repository/io/quarkus/resteasy/reactive/resteasy-reactive-vertx/3.10.0/resteasy-reactive-vertx-3.10.0.jar:/home/juan/.m2/repository/io/quarkus/resteasy/reactive/resteasy-reactive/3.10.0/resteasy-reactive-3.10.0.jar:/home/juan/.m2/repository/io/quarkus/quarkus-jsonp/3.10.0/quarkus-jsonp-3.10.0.jar:/home/juan/.m2/repository/io/quarkus/quarkus-rest-jackson-common/3.10.0/quarkus-rest-jackson-common-3.10.0.jar:/home/juan/.m2/repository/io/quarkus/resteasy/reactive/resteasy-reactive-jackson/3.10.0/resteasy-reactive-jackson-3.10.0.jar:/home/juan/.m2/repository/io/quarkus/quarkus-hibernate-validator/3.10.0/quarkus-hibernate-validator-3.10.0.jar:/home/juan/.m2/repository/org/hibernate/validator/hibernate-validator/8.0.1.Final/hibernate-validator-8.0.1.Final.jar:/home/juan/.m2/repository/jakarta/validation/jakarta.validation-api/3.0.2/jakarta.validation-api-3.0.2.jar:/home/juan/.m2/repository/com/fasterxml/classmate/1.7.0/classmate-1.7.0.jar:/home/juan/.m2/repository/org/glassfish/expressly/expressly/5.0.0/expressly-5.0.0.jar:/home/juan/.m2/repository/jakarta/el/jakarta.el-api/5.0.1/jakarta.el-api-5.0.1.jar:/home/juan/.m2/repository/io/smallrye/config/smallrye-config-validator/3.7.1/smallrye-config-validator-3.7.1.jar:/home/juan/.m2/repository/jakarta/ws/rs/jakarta.ws.rs-api/3.1.0/jakarta.ws.rs-api-3.1.0.jar:/home/juan/.m2/repository/io/quarkus/quarkus-jdbc-postgresql/3.10.0/quarkus-jdbc-postgresql-3.10.0.jar:/home/juan/.m2/repository/org/postgresql/postgresql/42.7.3/postgresql-42.7.3.jar:/home/juan/.m2/repository/io/quarkus/quarkus-resteasy-client-jackson/3.10.0/quarkus-resteasy-client-jackson-3.10.0.jar:/home/juan/.m2/repository/io/quarkus/quarkus-resteasy-client/3.10.0/quarkus-resteasy-client-3.10.0.jar:/home/juan/.m2/repository/io/quarkus/quarkus-resteasy-common/3.10.0/quarkus-resteasy-common-3.10.0.jar:/home/juan/.m2/repository/org/jboss/resteasy/resteasy-core/6.2.7.Final/resteasy-core-6.2.7.Final.jar:/home/juan/.m2/repository/org/jboss/resteasy/resteasy-core-spi/6.2.7.Final/resteasy-core-spi-6.2.7.Final.jar:/home/juan/.m2/repository/com/ibm/async/asyncutil/0.1.0/asyncutil-0.1.0.jar:/home/juan/.m2/repository/org/eclipse/angus/angus-activation/2.0.2/angus-activation-2.0.2.jar:/home/juan/.m2/repository/org/jboss/resteasy/microprofile/microprofile-config/2.1.5.Final/microprofile-config-2.1.5.Final.jar:/home/juan/.m2/repository/jakarta/servlet/jakarta.servlet-api/6.0.0/jakarta.servlet-api-6.0.0.jar:/home/juan/.m2/repository/io/quarkus/quarkus-apache-httpclient/3.10.0/quarkus-apache-httpclient-3.10.0.jar:/home/juan/.m2/repository/io/quarkus/quarkus-rest-client-config/3.10.0/quarkus-rest-client-config-3.10.0.jar:/home/juan/.m2/repository/org/eclipse/microprofile/rest/client/microprofile-rest-client-api/3.0.1/microprofile-rest-client-api-3.0.1.jar:/home/juan/.m2/repository/org/jboss/resteasy/microprofile/microprofile-rest-client/2.1.5.Final/microprofile-rest-client-2.1.5.Final.jar:/home/juan/.m2/repository/org/jboss/resteasy/microprofile/microprofile-rest-client-base/2.1.5.Final/microprofile-rest-client-base-2.1.5.Final.jar:/home/juan/.m2/repository/org/jboss/resteasy/resteasy-client/6.2.7.Final/resteasy-client-6.2.7.Final.jar:/home/juan/.m2/repository/org/jboss/resteasy/resteasy-client-api/6.2.7.Final/resteasy-client-api-6.2.7.Final.jar:/home/juan/.m2/repository/jakarta/interceptor/jakarta.interceptor-api/2.1.0/jakarta.interceptor-api-2.1.0.jar:/home/juan/.m2/repository/org/apache/httpcomponents/httpasyncclient/4.1.5/httpasyncclient-4.1.5.jar:/home/juan/.m2/repository/org/apache/httpcomponents/httpcore-nio/4.4.16/httpcore-nio-4.4.16.jar:/home/juan/.m2/repository/org/jboss/logging/commons-logging-jboss-logging/1.0.0.Final/commons-logging-jboss-logging-1.0.0.Final.jar:/home/juan/.m2/repository/io/quarkus/quarkus-jackson/3.10.0/quarkus-jackson-3.10.0.jar:/home/juan/.m2/repository/com/fasterxml/jackson/core/jackson-databind/2.17.0/jackson-databind-2.17.0.jar:/home/juan/.m2/repository/com/fasterxml/jackson/datatype/jackson-datatype-jsr310/2.17.0/jackson-datatype-jsr310-2.17.0.jar:/home/juan/.m2/repository/com/fasterxml/jackson/datatype/jackson-datatype-jdk8/2.17.0/jackson-datatype-jdk8-2.17.0.jar:/home/juan/.m2/repository/com/fasterxml/jackson/module/jackson-module-parameter-names/2.17.0/jackson-module-parameter-names-2.17.0.jar:/home/juan/.m2/repository/org/jboss/resteasy/resteasy-jackson2-provider/6.2.7.Final/resteasy-jackson2-provider-6.2.7.Final.jar:/home/juan/.m2/repository/com/fasterxml/jackson/core/jackson-core/2.17.0/jackson-core-2.17.0.jar:/home/juan/.m2/repository/com/fasterxml/jackson/core/jackson-annotations/2.17.0/jackson-annotations-2.17.0.jar:/home/juan/.m2/repository/com/fasterxml/jackson/jakarta/rs/jackson-jakarta-rs-base/2.17.0/jackson-jakarta-rs-base-2.17.0.jar:/home/juan/.m2/repository/com/fasterxml/jackson/jakarta/rs/jackson-jakarta-rs-json-provider/2.17.0/jackson-jakarta-rs-json-provider-2.17.0.jar:/home/juan/.m2/repository/com/fasterxml/jackson/module/jackson-module-jakarta-xmlbind-annotations/2.17.0/jackson-module-jakarta-xmlbind-annotations-2.17.0.jar:/home/juan/.m2/repository/com/github/java-json-tools/json-patch/1.13/json-patch-1.13.jar:/home/juan/.m2/repository/com/github/java-json-tools/msg-simple/1.2/msg-simple-1.2.jar:/home/juan/.m2/repository/com/github/java-json-tools/btf/1.3/btf-1.3.jar:/home/juan/.m2/repository/com/github/java-json-tools/jackson-coreutils/2.0/jackson-coreutils-2.0.jar:/home/juan/.m2/repository/jakarta/xml/bind/jakarta.xml.bind-api/4.0.2/jakarta.xml.bind-api-4.0.2.jar:/home/juan/.m2/repository/jakarta/activation/jakarta.activation-api/2.1.3/jakarta.activation-api-2.1.3.jar:/home/juan/.m2/repository/io/quarkus/quarkus-vertx/3.10.0/quarkus-vertx-3.10.0.jar:/home/juan/.m2/repository/io/quarkus/quarkus-netty/3.10.0/quarkus-netty-3.10.0.jar:/home/juan/.m2/repository/io/netty/netty-codec/4.1.108.Final/netty-codec-4.1.108.Final.jar:/home/juan/.m2/repository/io/netty/netty-codec-http/4.1.108.Final/netty-codec-http-4.1.108.Final.jar:/home/juan/.m2/repository/io/netty/netty-codec-http2/4.1.108.Final/netty-codec-http2-4.1.108.Final.jar:/home/juan/.m2/repository/io/netty/netty-handler/4.1.108.Final/netty-handler-4.1.108.Final.jar:/home/juan/.m2/repository/io/netty/netty-transport-native-unix-common/4.1.108.Final/netty-transport-native-unix-common-4.1.108.Final.jar:/home/juan/.m2/repository/com/aayushatharva/brotli4j/brotli4j/1.16.0/brotli4j-1.16.0.jar:/home/juan/.m2/repository/com/aayushatharva/brotli4j/service/1.16.0/service-1.16.0.jar:/home/juan/.m2/repository/com/aayushatharva/brotli4j/native-linux-x86_64/1.16.0/native-linux-x86_64-1.16.0.jar:/home/juan/.m2/repository/io/netty/netty-codec-haproxy/4.1.108.Final/netty-codec-haproxy-4.1.108.Final.jar:/home/juan/.m2/repository/io/netty/netty-buffer/4.1.108.Final/netty-buffer-4.1.108.Final.jar:/home/juan/.m2/repository/io/netty/netty-transport/4.1.108.Final/netty-transport-4.1.108.Final.jar:/home/juan/.m2/repository/io/smallrye/common/smallrye-common-vertx-context/2.3.0/smallrye-common-vertx-context-2.3.0.jar:/home/juan/.m2/repository/io/smallrye/common/smallrye-common-constraint/2.3.0/smallrye-common-constraint-2.3.0.jar:/home/juan/.m2/repository/io/quarkus/quarkus-mutiny/3.10.0/quarkus-mutiny-3.10.0.jar:/home/juan/.m2/repository/io/smallrye/reactive/mutiny-smallrye-context-propagation/2.6.0/mutiny-smallrye-context-propagation-2.6.0.jar:/home/juan/.m2/repository/io/quarkus/quarkus-virtual-threads/3.10.0/quarkus-virtual-threads-3.10.0.jar:/home/juan/.m2/repository/io/quarkus/quarkus-vertx-latebound-mdc-provider/3.10.0/quarkus-vertx-latebound-mdc-provider-3.10.0.jar:/home/juan/.m2/repository/io/smallrye/smallrye-fault-tolerance-vertx/6.3.0/smallrye-fault-tolerance-vertx-6.3.0.jar:/home/juan/.m2/repository/io/quarkus/quarkus-arc/3.10.0/quarkus-arc-3.10.0.jar:/home/juan/.m2/repository/io/quarkus/arc/arc/3.10.0/arc-3.10.0.jar:/home/juan/.m2/repository/jakarta/transaction/jakarta.transaction-api/2.0.1/jakarta.transaction-api-2.0.1.jar:/home/juan/.m2/repository/org/eclipse/microprofile/context-propagation/microprofile-context-propagation-api/1.3/microprofile-context-propagation-api-1.3.jar:/home/juan/.m2/repository/io/quarkus/quarkus-smallrye-openapi/3.10.0/quarkus-smallrye-openapi-3.10.0.jar:/home/juan/.m2/repository/io/smallrye/smallrye-open-api-core/3.10.0/smallrye-open-api-core-3.10.0.jar:/home/juan/.m2/repository/org/eclipse/microprofile/openapi/microprofile-openapi-api/3.1.1/microprofile-openapi-api-3.1.1.jar:/home/juan/.m2/repository/org/eclipse/microprofile/config/microprofile-config-api/3.0.3/microprofile-config-api-3.0.3.jar:/home/juan/.m2/repository/com/fasterxml/jackson/dataformat/jackson-dataformat-yaml/2.17.0/jackson-dataformat-yaml-2.17.0.jar:/home/juan/.m2/repository/org/yaml/snakeyaml/2.2/snakeyaml-2.2.jar:/home/juan/.m2/repository/io/smallrye/jandex/3.1.7/jandex-3.1.7.jar:/home/juan/.m2/repository/io/quarkus/quarkus-vertx-http/3.10.0/quarkus-vertx-http-3.10.0.jar:/home/juan/.m2/repository/io/quarkus/quarkus-security-runtime-spi/3.10.0/quarkus-security-runtime-spi-3.10.0.jar:/home/juan/.m2/repository/io/quarkus/security/quarkus-security/2.0.3.Final/quarkus-security-2.0.3.Final.jar:/home/juan/.m2/repository/io/smallrye/reactive/smallrye-mutiny-vertx-web/3.12.0/smallrye-mutiny-vertx-web-3.12.0.jar:/home/juan/.m2/repository/io/smallrye/reactive/smallrye-mutiny-vertx-bridge-common/3.12.0/smallrye-mutiny-vertx-bridge-common-3.12.0.jar:/home/juan/.m2/repository/io/vertx/vertx-web/4.5.7/vertx-web-4.5.7.jar:/home/juan/.m2/repository/io/vertx/vertx-bridge-common/4.5.7/vertx-bridge-common-4.5.7.jar:/home/juan/.m2/repository/io/github/crac/org-crac/0.1.3/org-crac-0.1.3.jar:/home/juan/.m2/repository/io/quarkus/quarkus-swagger-ui/3.10.0/quarkus-swagger-ui-3.10.0.jar:/home/juan/.m2/repository/io/quarkus/quarkus-smallrye-graphql/3.10.0/quarkus-smallrye-graphql-3.10.0.jar:/home/juan/.m2/repository/io/quarkus/quarkus-jsonb/3.10.0/quarkus-jsonb-3.10.0.jar:/home/juan/.m2/repository/org/eclipse/yasson/3.0.3/yasson-3.0.3.jar:/home/juan/.m2/repository/jakarta/json/bind/jakarta.json.bind-api/3.0.0/jakarta.json.bind-api-3.0.0.jar:/home/juan/.m2/repository/io/smallrye/smallrye-graphql-cdi/2.8.2/smallrye-graphql-cdi-2.8.2.jar:/home/juan/.m2/repository/io/smallrye/smallrye-graphql/2.8.2/smallrye-graphql-2.8.2.jar:/home/juan/.m2/repository/io/smallrye/smallrye-graphql-api/2.8.2/smallrye-graphql-api-2.8.2.jar:/home/juan/.m2/repository/org/eclipse/microprofile/graphql/microprofile-graphql-api/2.0/microprofile-graphql-api-2.0.jar:/home/juan/.m2/repository/io/smallrye/smallrye-graphql-schema-model/2.8.2/smallrye-graphql-schema-model-2.8.2.jar:/home/juan/.m2/repository/com/graphql-java/graphql-java/21.3/graphql-java-21.3.jar:/home/juan/.m2/repository/com/graphql-java/java-dataloader/3.2.1/java-dataloader-3.2.1.jar:/home/juan/.m2/repository/com/apollographql/federation/federation-graphql-java-support/4.4.0/federation-graphql-java-support-4.4.0.jar:/home/juan/.m2/repository/com/google/protobuf/protobuf-java/3.25.0/protobuf-java-3.25.0.jar:/home/juan/.m2/repository/io/smallrye/reactive/mutiny-zero-flow-adapters/1.1.0/mutiny-zero-flow-adapters-1.1.0.jar:/home/juan/.m2/repository/com/graphql-java/graphql-java-extended-scalars/21.0/graphql-java-extended-scalars-21.0.jar:/home/juan/.m2/repository/jakarta/json/jakarta.json-api/2.1.3/jakarta.json-api-2.1.3.jar:/home/juan/.m2/repository/io/quarkus/quarkus-smallrye-context-propagation/3.10.0/quarkus-smallrye-context-propagation-3.10.0.jar:/home/juan/.m2/repository/io/smallrye/smallrye-context-propagation/2.1.0/smallrye-context-propagation-2.1.0.jar:/home/juan/.m2/repository/io/smallrye/smallrye-context-propagation-api/2.1.0/smallrye-context-propagation-api-2.1.0.jar:/home/juan/.m2/repository/io/smallrye/smallrye-context-propagation-storage/2.1.0/smallrye-context-propagation-storage-2.1.0.jar:/home/juan/.m2/repository/org/eclipse/microprofile/metrics/microprofile-metrics-api/4.0.1/microprofile-metrics-api-4.0.1.jar:/home/juan/.m2/repository/io/quarkus/quarkus-junit5/3.10.0/quarkus-junit5-3.10.0.jar:/home/juan/.m2/repository/io/quarkus/quarkus-bootstrap-core/3.10.0/quarkus-bootstrap-core-3.10.0.jar:/home/juan/.m2/repository/io/quarkus/quarkus-bootstrap-app-model/3.10.0/quarkus-bootstrap-app-model-3.10.0.jar:/home/juan/.m2/repository/io/smallrye/common/smallrye-common-io/2.3.0/smallrye-common-io-2.3.0.jar:/home/juan/.m2/repository/org/eclipse/sisu/org.eclipse.sisu.inject/0.9.0.M2/org.eclipse.sisu.inject-0.9.0.M2.jar:/home/juan/.m2/repository/io/quarkus/quarkus-test-common/3.10.0/quarkus-test-common-3.10.0.jar:/home/juan/.m2/repository/io/quarkus/quarkus-core-deployment/3.10.0/quarkus-core-deployment-3.10.0.jar:/home/juan/.m2/repository/org/aesh/readline/2.4/readline-2.4.jar:/home/juan/.m2/repository/org/fusesource/jansi/jansi/2.4.0/jansi-2.4.0.jar:/home/juan/.m2/repository/org/aesh/aesh/2.7/aesh-2.7.jar:/home/juan/.m2/repository/io/quarkus/gizmo/gizmo/1.8.0/gizmo-1.8.0.jar:/home/juan/.m2/repository/org/ow2/asm/asm-util/9.7/asm-util-9.7.jar:/home/juan/.m2/repository/org/ow2/asm/asm-analysis/9.7/asm-analysis-9.7.jar:/home/juan/.m2/repository/org/ow2/asm/asm/9.7/asm-9.7.jar:/home/juan/.m2/repository/org/ow2/asm/asm-commons/9.7/asm-commons-9.7.jar:/home/juan/.m2/repository/org/ow2/asm/asm-tree/9.7/asm-tree-9.7.jar:/home/juan/.m2/repository/io/quarkus/quarkus-class-change-agent/3.10.0/quarkus-class-change-agent-3.10.0.jar:/home/juan/.m2/repository/io/quarkus/quarkus-devtools-utilities/3.10.0/quarkus-devtools-utilities-3.10.0.jar:/home/juan/.m2/repository/io/quarkus/quarkus-builder/3.10.0/quarkus-builder-3.10.0.jar:/home/juan/.m2/repository/org/graalvm/sdk/nativeimage/23.1.2/nativeimage-23.1.2.jar:/home/juan/.m2/repository/org/graalvm/sdk/word/23.1.2/word-23.1.2.jar:/home/juan/.m2/repository/org/junit/platform/junit-platform-launcher/1.10.2/junit-platform-launcher-1.10.2.jar:/home/juan/.m2/repository/io/quarkus/quarkus-bootstrap-maven-resolver/3.10.0/quarkus-bootstrap-maven-resolver-3.10.0.jar:/home/juan/.m2/repository/io/smallrye/beanbag/smallrye-beanbag-maven/1.4.1/smallrye-beanbag-maven-1.4.1.jar:/home/juan/.m2/repository/io/smallrye/beanbag/smallrye-beanbag-sisu/1.4.1/smallrye-beanbag-sisu-1.4.1.jar:/home/juan/.m2/repository/io/smallrye/beanbag/smallrye-beanbag/1.4.1/smallrye-beanbag-1.4.1.jar:/home/juan/.m2/repository/javax/inject/javax.inject/1/javax.inject-1.jar:/home/juan/.m2/repository/org/apache/maven/maven-artifact/3.9.6/maven-artifact-3.9.6.jar:/home/juan/.m2/repository/org/apache/maven/maven-builder-support/3.9.6/maven-builder-support-3.9.6.jar:/home/juan/.m2/repository/org/apache/maven/maven-model/3.9.6/maven-model-3.9.6.jar:/home/juan/.m2/repository/org/apache/maven/maven-model-builder/3.9.6/maven-model-builder-3.9.6.jar:/home/juan/.m2/repository/org/apache/maven/maven-repository-metadata/3.9.6/maven-repository-metadata-3.9.6.jar:/home/juan/.m2/repository/org/apache/maven/maven-settings/3.9.6/maven-settings-3.9.6.jar:/home/juan/.m2/repository/org/apache/maven/resolver/maven-resolver-api/1.9.18/maven-resolver-api-1.9.18.jar:/home/juan/.m2/repository/org/apache/maven/resolver/maven-resolver-impl/1.9.18/maven-resolver-impl-1.9.18.jar:/home/juan/.m2/repository/org/apache/maven/resolver/maven-resolver-named-locks/1.9.18/maven-resolver-named-locks-1.9.18.jar:/home/juan/.m2/repository/org/apache/maven/resolver/maven-resolver-spi/1.9.18/maven-resolver-spi-1.9.18.jar:/home/juan/.m2/repository/org/apache/maven/resolver/maven-resolver-util/1.9.18/maven-resolver-util-1.9.18.jar:/home/juan/.m2/repository/org/apache/maven/resolver/maven-resolver-transport-http/1.9.18/maven-resolver-transport-http-1.9.18.jar:/home/juan/.m2/repository/org/apache/maven/wagon/wagon-provider-api/3.5.3/wagon-provider-api-3.5.3.jar:/home/juan/.m2/repository/org/apache/maven/wagon/wagon-http-shared/3.5.3/wagon-http-shared-3.5.3.jar:/home/juan/.m2/repository/org/codehaus/plexus/plexus-interpolation/1.26/plexus-interpolation-1.26.jar:/home/juan/.m2/repository/org/codehaus/plexus/plexus-utils/3.5.1/plexus-utils-3.5.1.jar:/home/juan/.m2/repository/org/codehaus/plexus/plexus-xml/4.0.0/plexus-xml-4.0.0.jar:/home/juan/.m2/repository/org/apache/maven/maven-xml-impl/4.0.0-alpha-5/maven-xml-impl-4.0.0-alpha-5.jar:/home/juan/.m2/repository/org/apache/maven/maven-api-xml/4.0.0-alpha-5/maven-api-xml-4.0.0-alpha-5.jar:/home/juan/.m2/repository/org/apache/maven/maven-api-meta/4.0.0-alpha-5/maven-api-meta-4.0.0-alpha-5.jar:/home/juan/.m2/repository/org/codehaus/plexus/plexus-cipher/2.0/plexus-cipher-2.0.jar:/home/juan/.m2/repository/org/codehaus/plexus/plexus-sec-dispatcher/2.0/plexus-sec-dispatcher-2.0.jar:/home/juan/.m2/repository/org/apache/maven/maven-embedder/3.9.6/maven-embedder-3.9.6.jar:/home/juan/.m2/repository/org/apache/maven/maven-core/3.9.6/maven-core-3.9.6.jar:/home/juan/.m2/repository/org/codehaus/plexus/plexus-component-annotations/2.1.0/plexus-component-annotations-2.1.0.jar:/home/juan/.m2/repository/org/apache/maven/maven-plugin-api/3.9.6/maven-plugin-api-3.9.6.jar:/home/juan/.m2/repository/org/apache/maven/shared/maven-shared-utils/3.3.4/maven-shared-utils-3.3.4.jar:/home/juan/.m2/repository/com/google/inject/guice/5.1.0/guice-5.1.0.jar:/home/juan/.m2/repository/aopalliance/aopalliance/1.0/aopalliance-1.0.jar:/home/juan/.m2/repository/com/google/guava/guava/33.1.0-jre/guava-33.1.0-jre.jar:/home/juan/.m2/repository/com/google/guava/failureaccess/1.0.1/failureaccess-1.0.1.jar:/home/juan/.m2/repository/javax/annotation/javax.annotation-api/1.3.2/javax.annotation-api-1.3.2.jar:/home/juan/.m2/repository/org/codehaus/plexus/plexus-classworlds/2.6.0/plexus-classworlds-2.6.0.jar:/home/juan/.m2/repository/commons-cli/commons-cli/1.5.0/commons-cli-1.5.0.jar:/home/juan/.m2/repository/org/eclipse/sisu/org.eclipse.sisu.plexus/0.9.0.M2/org.eclipse.sisu.plexus-0.9.0.M2.jar:/home/juan/.m2/repository/org/apache/maven/maven-settings-builder/3.9.6/maven-settings-builder-3.9.6.jar:/home/juan/.m2/repository/org/apache/maven/maven-resolver-provider/3.9.6/maven-resolver-provider-3.9.6.jar:/home/juan/.m2/repository/org/apache/maven/resolver/maven-resolver-connector-basic/1.9.18/maven-resolver-connector-basic-1.9.18.jar:/home/juan/.m2/repository/org/apache/maven/resolver/maven-resolver-transport-wagon/1.9.18/maven-resolver-transport-wagon-1.9.18.jar:/home/juan/.m2/repository/org/apache/maven/wagon/wagon-http/3.5.3/wagon-http-3.5.3.jar:/home/juan/.m2/repository/org/apache/maven/wagon/wagon-file/3.5.3/wagon-file-3.5.3.jar:/home/juan/.m2/repository/io/quarkus/quarkus-bootstrap-gradle-resolver/3.10.0/quarkus-bootstrap-gradle-resolver-3.10.0.jar:/home/juan/.m2/repository/commons-io/commons-io/2.16.0/commons-io-2.16.0.jar:/home/juan/.m2/repository/io/quarkus/quarkus-junit5-properties/3.10.0/quarkus-junit5-properties-3.10.0.jar:/home/juan/.m2/repository/org/junit/jupiter/junit-jupiter/5.10.2/junit-jupiter-5.10.2.jar:/home/juan/.m2/repository/org/junit/jupiter/junit-jupiter-api/5.10.2/junit-jupiter-api-5.10.2.jar:/home/juan/.m2/repository/org/opentest4j/opentest4j/1.3.0/opentest4j-1.3.0.jar:/home/juan/.m2/repository/org/junit/platform/junit-platform-commons/1.10.2/junit-platform-commons-1.10.2.jar:/home/juan/.m2/repository/org/apiguardian/apiguardian-api/1.1.2/apiguardian-api-1.1.2.jar:/home/juan/.m2/repository/org/junit/jupiter/junit-jupiter-params/5.10.2/junit-jupiter-params-5.10.2.jar:/home/juan/.m2/repository/org/junit/jupiter/junit-jupiter-engine/5.10.2/junit-jupiter-engine-5.10.2.jar:/home/juan/.m2/repository/org/junit/platform/junit-platform-engine/1.10.2/junit-platform-engine-1.10.2.jar:/home/juan/.m2/repository/com/thoughtworks/xstream/xstream/1.4.20/xstream-1.4.20.jar:/home/juan/.m2/repository/io/github/x-stream/mxparser/1.2.2/mxparser-1.2.2.jar:/home/juan/.m2/repository/xmlpull/xmlpull/1.1.3.1/xmlpull-1.1.3.1.jar:/home/juan/.m2/repository/io/rest-assured/rest-assured/5.4.0/rest-assured-5.4.0.jar:/home/juan/.m2/repository/org/apache/groovy/groovy/4.0.16/groovy-4.0.16.jar:/home/juan/.m2/repository/org/apache/groovy/groovy-xml/4.0.16/groovy-xml-4.0.16.jar:/home/juan/.m2/repository/org/apache/httpcomponents/httpclient/4.5.14/httpclient-4.5.14.jar:/home/juan/.m2/repository/org/apache/httpcomponents/httpcore/4.4.16/httpcore-4.4.16.jar:/home/juan/.m2/repository/commons-codec/commons-codec/1.16.1/commons-codec-1.16.1.jar:/home/juan/.m2/repository/org/apache/httpcomponents/httpmime/4.5.14/httpmime-4.5.14.jar:/home/juan/.m2/repository/org/hamcrest/hamcrest/2.2/hamcrest-2.2.jar:/home/juan/.m2/repository/org/ccil/cowan/tagsoup/tagsoup/1.2.1/tagsoup-1.2.1.jar:/home/juan/.m2/repository/io/rest-assured/json-path/5.4.0/json-path-5.4.0.jar:/home/juan/.m2/repository/org/apache/groovy/groovy-json/4.0.16/groovy-json-4.0.16.jar:/home/juan/.m2/repository/io/rest-assured/rest-assured-common/5.4.0/rest-assured-common-5.4.0.jar:/home/juan/.m2/repository/io/rest-assured/xml-path/5.4.0/xml-path-5.4.0.jar:/home/juan/.m2/repository/org/apache/commons/commons-lang3/3.14.0/commons-lang3-3.14.0.jar:/home/juan/.m2/repository/org/projectlombok/lombok/1.18.30/lombok-1.18.30.jar:"/>
    <property name="sun.cpu.endian" value="little"/>
    <property name="vertx.disableWebsockets" value="true"/>
    <property name="user.home" value="/home/juan"/>
    <property name="user.language" value="es"/>
    <property name="jboss.log-version" value="false"/>
    <property name="mp.openapi.extensions.smallrye.defaultPrimitivesConsumes" value="text/plain"/>
    <property name="java.specification.vendor" value="Oracle Corporation"/>
    <property name="io.netty.allocator.maxOrder" value="3"/>
    <property name="java.version.date" value="2024-01-16"/>
    <property name="java.home" value="/usr/lib/jvm/java-21-openjdk-amd64"/>
    <property name="file.separator" value="/"/>
    <property name="basedir" value="/home/juan/Escritorio/CURSOS/Quarkus/quarkus-reactive-graphql"/>
    <property name="java.vm.compressedOopsMode" value="Zero based"/>
    <property name="line.separator" value="&#10;"/>
    <property name="java.vm.specification.vendor" value="Oracle Corporation"/>
    <property name="java.specification.name" value="Java Platform API Specification"/>
    <property name="surefire.real.class.path" value="/home/juan/Escritorio/CURSOS/Quarkus/quarkus-reactive-graphql/target/surefire/surefirebooter-20240512033238568_3.jar"/>
    <property name="mp.openapi.extensions.smallrye.defaultStreamingConsumes" value="application/octet-stream"/>
    <property name="sun.management.compiler" value="HotSpot 64-Bit Tiered Compilers"/>
    <property name="mp.openapi.extensions.smallrye.defaultPrimitivesProduces" value="text/plain"/>
    <property name="java.runtime.version" value="21.0.2+13-Ubuntu-122.04.1"/>
    <property name="user.name" value="juan"/>
    <property name="stdout.encoding" value="UTF-8"/>
    <property name="dev.resteasy.exception.mapper" value="false"/>
    <property name="path.separator" value=":"/>
    <property name="smallrye.graphql.tracing.enabled" value="false"/>
    <property name="os.version" value="6.5.0-28-generic"/>
    <property name="java.runtime.name" value="OpenJDK Runtime Environment"/>
    <property name="file.encoding" value="UTF-8"/>
    <property name="java.vm.name" value="OpenJDK 64-Bit Server VM"/>
    <property name="smallrye.graphql.metrics.enabled" value="false"/>
    <property name="localRepository" value="/home/juan/.m2/repository"/>
    <property name="java.vendor.url.bug" value="Unknown"/>
    <property name="java.io.tmpdir" value="/tmp"/>
    <property name="smallrye.graphql.events.enabled" value="false"/>
    <property name="quarkus.log.file.path" value="target/quarkus.log"/>
    <property name="idea.version" value="2023.2.1"/>
    <property name="java.version" value="21.0.2"/>
    <property name="mp.openapi.extensions.smallrye.defaultStreamingProduces" value="application/octet-stream"/>
    <property name="java.util.concurrent.ForkJoinPool.common.threadFactory" value="io.quarkus.bootstrap.forkjoin.QuarkusForkJoinWorkerThreadFactory"/>
    <property name="user.dir" value="/home/juan/Escritorio/CURSOS/Quarkus/quarkus-reactive-graphql"/>
    <property name="os.arch" value="amd64"/>
    <property name="smallrye.graphql.printDataFetcherException" value="true"/>
    <property name="java.vm.specification.name" value="Java Virtual Machine Specification"/>
    <property name="vertx.disableDnsResolver" value="true"/>
    <property name="native.encoding" value="UTF-8"/>
    <property name="java.util.logging.manager" value="org.jboss.logmanager.LogManager"/>
    <property name="java.library.path" value="/opt/oracle/instantclient:/opt/oracle/instantclient:/usr/java/packages/lib:/usr/lib/x86_64-linux-gnu/jni:/lib/x86_64-linux-gnu:/usr/lib/x86_64-linux-gnu:/usr/lib/jni:/lib:/usr/lib"/>
    <property name="java.vm.info" value="mixed mode, sharing"/>
    <property name="stderr.encoding" value="UTF-8"/>
    <property name="java.vendor" value="Private Build"/>
    <property name="vertx.disableTCCL" value="true"/>
    <property name="smallrye.graphql.federation.enabled" value="false"/>
    <property name="java.vm.version" value="21.0.2+13-Ubuntu-122.04.1"/>
    <property name="sun.io.unicode.encoding" value="UnicodeLittle"/>
    <property name="io.netty.machineId" value="96:17:37:5e:da:8f:1b:62"/>
    <property name="java.class.version" value="65.0"/>
    <property name="mp.openapi.extensions.smallrye.defaultConsumes" value="application/json"/>
  </properties>
  <testcase name="testGetStockMarketActions" classname="org.financial.resources.FinancialResourceTest" time="0.329">
    <system-out><![CDATA[2024-05-12 03:32:47,308 WARN  [io.qua.res.rea.com.dep.ResteasyReactiveCommonProcessor] (build-26) Mixing Quarkus REST server and RESTEasy Classic client parts might lead to unexpected results. Consider using 'quarkus-rest-client' instead of 'quarkus-resteasy-client'.
2024-05-12 03:32:48,853 WARN  [io.qua.res.com.dep.ResteasyCommonProcessor] (build-47) Quarkus detected the need for Mutiny reactive programming support, however the quarkus-resteasy-mutiny extension was not present. Reactive REST endpoints in your application that return Uni or Multi will not function as you expect until you add this extension. Endpoints that need Mutiny are: org.financial.resources.FinancialResource{io.smallrye.mutiny.Uni<java.util.List<io.quarkus.hibernate.reactive.panache.PanacheEntityBase>> getStockMarketActionsReactive()}, org.financial.resources.FinancialResource{io.smallrye.mutiny.Uni<java.util.List<org.financial.domain.StockMarketAction>> getStockMarketActionsReactiveRepository()}, org.financial.resources.FinancialResource{io.smallrye.mutiny.Uni<jakarta.ws.rs.core.Response> createReactive(org.financial.request.StockMarketActionRequest request)}, org.financial.resources.FinancialResource{io.smallrye.mutiny.Uni<org.financial.domain.StockMarketAction> createReactiveRepository(org.financial.request.StockMarketActionRequest request)}
2024-05-12 03:32:50,967 WARN  [io.qua.config] (main) Unrecognized configuration key "quarkus.datasource.jdbc" was provided; it will be ignored; verify that the dependency extension for this configuration is set or that you did not make a typo
2024-05-12 03:32:52,200 WARN  [io.sma.graphql] (main) SRGQL010000: Schema is null, or it has no operations. Not bootstrapping SmallRye GraphQL
2024-05-12 03:32:52,623 INFO  [org.hib.rea.pro.imp.ReactiveIntegrator] (JPA Startup Thread) HR000001: Hibernate Reactive
2024-05-12 03:32:53,906 INFO  [io.quarkus] (main) quarkus-financial 1.0.0-SNAPSHOT on JVM (powered by Quarkus 3.10.0) started in 8.513s. Listening on: http://localhost:8081
2024-05-12 03:32:53,906 INFO  [io.quarkus] (main) Profile test activated. 
2024-05-12 03:32:53,907 INFO  [io.quarkus] (main) Installed features: [cdi, hibernate-orm, hibernate-reactive, hibernate-reactive-panache, hibernate-validator, jdbc-postgresql, reactive-pg-client, rest, rest-jackson, resteasy-client, resteasy-client-jackson, smallrye-context-propagation, smallrye-graphql, smallrye-openapi, swagger-ui, vertx]
]]></system-out>
  </testcase>
  <testcase name="testCreateSymbolNotFound" classname="org.financial.resources.FinancialResourceTest" time="0.002"/>
  <testcase name="testCreateValidSymbol" classname="org.financial.resources.FinancialResourceTest" time="0.001"/>
</testsuite>